16:08:50 DEBUG : Logs will be stored at 'C:/Users/jkali/ece385/lab6/lab61/lab61_sdk/IDE.log'.
16:08:53 INFO  : Launching XSCT server: xsct.bat -n  -interactive C:\Users\jkali\ece385\lab6\lab61\lab61_sdk\temp_xsdb_launch_script.tcl
16:08:53 INFO  : Platform repository initialization has completed.
16:08:53 INFO  : Registering command handlers for Vitis TCF services
16:08:55 INFO  : XSCT server has started successfully.
16:08:55 INFO  : plnx-install-location is set to ''
16:08:55 INFO  : Successfully done setting XSCT server connection channel  
16:08:55 INFO  : Successfully done query RDI_DATADIR 
16:08:55 INFO  : Successfully done setting workspace for the tool. 
16:09:54 INFO  : Result from executing command 'getProjects': mb_intro_top
16:09:54 INFO  : Result from executing command 'getPlatforms': 
16:09:54 WARN  : An unexpected exception occurred in the module 'platform project logging'
16:09:54 INFO  : Platform 'mb_intro_top' is added to custom repositories.
16:09:55 INFO  : Platform 'mb_intro_top' is added to custom repositories.
16:12:18 INFO  : Result from executing command 'getProjects': mb_intro_top
16:12:18 INFO  : Result from executing command 'getPlatforms': mb_intro_top|C:/Users/jkali/ece385/lab6/lab61/lab61_sdk/mb_intro_top/export/mb_intro_top/mb_intro_top.xpfm
16:12:18 INFO  : Checking for BSP changes to sync application flags for project 'mb_blink'...
16:12:38 INFO  : Checking for BSP changes to sync application flags for project 'mb_blink'...
16:12:44 INFO  : Checking for BSP changes to sync application flags for project 'mb_blink'...
16:12:56 INFO  : Checking for BSP changes to sync application flags for project 'mb_blink'...
16:13:17 INFO  : Checking for BSP changes to sync application flags for project 'mb_blink'...
16:13:33 INFO  : Connected to target on host '127.0.0.1' and port '3121'.
16:13:34 INFO  : Jtag cable 'RealDigital Boo 887100000002A' is selected.
16:13:34 INFO  : 'jtag frequency' command is executed.
16:13:34 INFO  : 'targets -set -filter {jtag_cable_name =~ "RealDigital Boo 887100000002A" && level==0 && jtag_device_ctx=="jsn1-0362f093-0"}' command is executed.
16:13:35 INFO  : Device configured successfully with "C:/Users/jkali/ece385/lab6/lab61/lab61_sdk/mb_blink/_ide/bitstream/mb_intro_top.bit"
16:13:35 INFO  : Context for processor 'microblaze_0' is selected.
16:13:36 INFO  : Hardware design and registers information is loaded from 'C:/Users/jkali/ece385/lab6/lab61/lab61_sdk/mb_intro_top/export/mb_intro_top/hw/mb_intro_top.xsa'.
16:13:36 INFO  : 'configparams mdm-detect-bscan-mask 2' command is executed.
16:13:36 INFO  : Context for processor 'microblaze_0' is selected.
16:13:36 INFO  : System reset is completed.
16:13:39 INFO  : 'after 3000' command is executed.
16:13:39 INFO  : Context for processor 'microblaze_0' is selected.
16:13:39 INFO  : The application 'C:/Users/jkali/ece385/lab6/lab61/lab61_sdk/mb_blink/Debug/mb_blink.elf' is downloaded to processor 'microblaze_0'.
16:13:39 INFO  : ----------------XSDB Script----------------
connect -url tcp:127.0.0.1:3121
targets -set -filter {jtag_cable_name =~ "RealDigital Boo 887100000002A" && level==0 && jtag_device_ctx=="jsn1-0362f093-0"}
fpga -file C:/Users/jkali/ece385/lab6/lab61/lab61_sdk/mb_blink/_ide/bitstream/mb_intro_top.bit
targets -set -nocase -filter {name =~ "*microblaze*#0" && bscan=="USER2" }
loadhw -hw C:/Users/jkali/ece385/lab6/lab61/lab61_sdk/mb_intro_top/export/mb_intro_top/hw/mb_intro_top.xsa -regs
configparams mdm-detect-bscan-mask 2
targets -set -nocase -filter {name =~ "*microblaze*#0" && bscan=="USER2" }
rst -system
after 3000
targets -set -nocase -filter {name =~ "*microblaze*#0" && bscan=="USER2" }
dow C:/Users/jkali/ece385/lab6/lab61/lab61_sdk/mb_blink/Debug/mb_blink.elf
----------------End of Script----------------

16:13:39 INFO  : Context for processor 'microblaze_0' is selected.
16:13:39 INFO  : 'con' command is executed.
16:13:39 INFO  : ----------------XSDB Script (After Launch)----------------
targets -set -nocase -filter {name =~ "*microblaze*#0" && bscan=="USER2" }
con
----------------End of Script----------------

16:13:39 INFO  : Launch script is exported to file 'C:\Users\jkali\ece385\lab6\lab61\lab61_sdk\mb_blink_system\_ide\scripts\debugger_mb_blink-default.tcl'
16:14:15 INFO  : Checking for BSP changes to sync application flags for project 'mb_blink'...
16:14:33 INFO  : Disconnected from the channel tcfchan#2.
16:14:34 INFO  : Connected to target on host '127.0.0.1' and port '3121'.
16:14:34 INFO  : Jtag cable 'RealDigital Boo 887100000002A' is selected.
16:14:34 INFO  : 'jtag frequency' command is executed.
16:14:34 INFO  : 'targets -set -filter {jtag_cable_name =~ "RealDigital Boo 887100000002A" && level==0 && jtag_device_ctx=="jsn1-0362f093-0"}' command is executed.
16:14:36 INFO  : Device configured successfully with "C:/Users/jkali/ece385/lab6/lab61/lab61_sdk/mb_blink/_ide/bitstream/mb_intro_top.bit"
16:14:36 INFO  : Context for processor 'microblaze_0' is selected.
16:14:36 INFO  : Hardware design and registers information is loaded from 'C:/Users/jkali/ece385/lab6/lab61/lab61_sdk/mb_intro_top/export/mb_intro_top/hw/mb_intro_top.xsa'.
16:14:36 INFO  : 'configparams mdm-detect-bscan-mask 2' command is executed.
16:14:36 INFO  : Context for processor 'microblaze_0' is selected.
16:14:36 INFO  : System reset is completed.
16:14:39 INFO  : 'after 3000' command is executed.
16:14:39 INFO  : Context for processor 'microblaze_0' is selected.
16:14:39 INFO  : The application 'C:/Users/jkali/ece385/lab6/lab61/lab61_sdk/mb_blink/Debug/mb_blink.elf' is downloaded to processor 'microblaze_0'.
16:14:39 INFO  : ----------------XSDB Script----------------
connect -url tcp:127.0.0.1:3121
targets -set -filter {jtag_cable_name =~ "RealDigital Boo 887100000002A" && level==0 && jtag_device_ctx=="jsn1-0362f093-0"}
fpga -file C:/Users/jkali/ece385/lab6/lab61/lab61_sdk/mb_blink/_ide/bitstream/mb_intro_top.bit
targets -set -nocase -filter {name =~ "*microblaze*#0" && bscan=="USER2" }
loadhw -hw C:/Users/jkali/ece385/lab6/lab61/lab61_sdk/mb_intro_top/export/mb_intro_top/hw/mb_intro_top.xsa -regs
configparams mdm-detect-bscan-mask 2
targets -set -nocase -filter {name =~ "*microblaze*#0" && bscan=="USER2" }
rst -system
after 3000
targets -set -nocase -filter {name =~ "*microblaze*#0" && bscan=="USER2" }
dow C:/Users/jkali/ece385/lab6/lab61/lab61_sdk/mb_blink/Debug/mb_blink.elf
----------------End of Script----------------

16:14:39 INFO  : Context for processor 'microblaze_0' is selected.
16:14:39 INFO  : 'con' command is executed.
16:14:39 INFO  : ----------------XSDB Script (After Launch)----------------
targets -set -nocase -filter {name =~ "*microblaze*#0" && bscan=="USER2" }
con
----------------End of Script----------------

16:14:39 INFO  : Launch script is exported to file 'C:\Users\jkali\ece385\lab6\lab61\lab61_sdk\mb_blink_system\_ide\scripts\debugger_mb_blink-default.tcl'
16:16:55 INFO  : Checking for BSP changes to sync application flags for project 'mb_blink'...
16:17:09 INFO  : Disconnected from the channel tcfchan#3.
16:17:10 INFO  : Connected to target on host '127.0.0.1' and port '3121'.
16:17:10 INFO  : Jtag cable 'RealDigital Boo 887100000002A' is selected.
16:17:10 INFO  : 'jtag frequency' command is executed.
16:17:10 INFO  : 'targets -set -filter {jtag_cable_name =~ "RealDigital Boo 887100000002A" && level==0 && jtag_device_ctx=="jsn1-0362f093-0"}' command is executed.
16:17:11 INFO  : Device configured successfully with "C:/Users/jkali/ece385/lab6/lab61/lab61_sdk/mb_blink/_ide/bitstream/mb_intro_top.bit"
16:17:11 INFO  : Context for processor 'microblaze_0' is selected.
16:17:11 INFO  : Hardware design and registers information is loaded from 'C:/Users/jkali/ece385/lab6/lab61/lab61_sdk/mb_intro_top/export/mb_intro_top/hw/mb_intro_top.xsa'.
16:17:11 INFO  : 'configparams mdm-detect-bscan-mask 2' command is executed.
16:17:11 INFO  : Context for processor 'microblaze_0' is selected.
16:17:11 INFO  : System reset is completed.
16:17:14 INFO  : 'after 3000' command is executed.
16:17:14 INFO  : Context for processor 'microblaze_0' is selected.
16:17:14 INFO  : The application 'C:/Users/jkali/ece385/lab6/lab61/lab61_sdk/mb_blink/Debug/mb_blink.elf' is downloaded to processor 'microblaze_0'.
16:17:14 INFO  : ----------------XSDB Script----------------
connect -url tcp:127.0.0.1:3121
targets -set -filter {jtag_cable_name =~ "RealDigital Boo 887100000002A" && level==0 && jtag_device_ctx=="jsn1-0362f093-0"}
fpga -file C:/Users/jkali/ece385/lab6/lab61/lab61_sdk/mb_blink/_ide/bitstream/mb_intro_top.bit
targets -set -nocase -filter {name =~ "*microblaze*#0" && bscan=="USER2" }
loadhw -hw C:/Users/jkali/ece385/lab6/lab61/lab61_sdk/mb_intro_top/export/mb_intro_top/hw/mb_intro_top.xsa -regs
configparams mdm-detect-bscan-mask 2
targets -set -nocase -filter {name =~ "*microblaze*#0" && bscan=="USER2" }
rst -system
after 3000
targets -set -nocase -filter {name =~ "*microblaze*#0" && bscan=="USER2" }
dow C:/Users/jkali/ece385/lab6/lab61/lab61_sdk/mb_blink/Debug/mb_blink.elf
----------------End of Script----------------

16:17:14 INFO  : Context for processor 'microblaze_0' is selected.
16:17:14 INFO  : 'con' command is executed.
16:17:14 INFO  : ----------------XSDB Script (After Launch)----------------
targets -set -nocase -filter {name =~ "*microblaze*#0" && bscan=="USER2" }
con
----------------End of Script----------------

16:17:14 INFO  : Launch script is exported to file 'C:\Users\jkali\ece385\lab6\lab61\lab61_sdk\mb_blink_system\_ide\scripts\debugger_mb_blink-default.tcl'
16:24:12 INFO  : Checking for BSP changes to sync application flags for project 'mb_blink'...
